GNU gdb (Debian 8.2.1-2+b1) 8.2.1
Copyright (C) 2018 Free Software Foundation, Inc.
License GPLv3+: GNU GPL version 3 or later <http://gnu.org/licenses/gpl.html>
This is free software: you are free to change and redistribute it.
There is NO WARRANTY, to the extent permitted by law.
Type "show copying" and "show warranty" for details.
This GDB was configured as "x86_64-linux-gnu".
Type "show configuration" for configuration details.
For bug reporting instructions, please see:
<http://www.gnu.org/software/gdb/bugs/>.
Find the GDB manual and other documentation resources online at:
    <http://www.gnu.org/software/gdb/documentation/>.

For help, type "help".
Type "apropos word" to search for commands related to "word".
[New LWP 11453]
[New LWP 11454]
[New LWP 11455]
[New LWP 11456]
[New LWP 11457]
[New LWP 11458]
[New LWP 11459]
[New LWP 11463]
[Thread debugging using libthread_db enabled]
Using host libthread_db library "/lib/x86_64-linux-gnu/libthread_db.so.1".
futex_abstimed_wait_cancelable (private=0, abstime=0x0, expected=0, 
    futex_word=0x562c1e038390)
    at ../sysdeps/unix/sysv/linux/futex-internal.h:205

Stack backtrace
---------------
    futex_word=0x562c1e038390)
    at ../sysdeps/unix/sysv/linux/futex-internal.h:205
        __ret = -512
        oldtype = 0
        err = <optimized out>
        oldtype = <optimized out>
        err = <optimized out>
        __ret = <optimized out>
        resultvar = <optimized out>
        __arg6 = <optimized out>
        __arg5 = <optimized out>
        __arg4 = <optimized out>
        __arg3 = <optimized out>
        __arg2 = <optimized out>
        __arg1 = <optimized out>
        _a6 = <optimized out>
        _a5 = <optimized out>
        _a4 = <optimized out>
        _a3 = <optimized out>
        _a2 = <optimized out>
        _a1 = <optimized out>
#1  do_futex_wait (sem=sem@entry=0x562c1e038390, abstime=0x0)
    at sem_waitcommon.c:111
        err = <optimized out>
#2  0x00007fd5dcb66988 in __new_sem_wait_slow (sem=0x562c1e038390, abstime=0x0)
    at sem_waitcommon.c:181
        _buffer = {__routine = 0x7fd5dcb66850 <__sem_wait_cleanup>, 
          __arg = 0x562c1e038390, __canceltype = -604808160, __prev = 0x0}
        err = <optimized out>
        d = 4294967296
#3  0x0000562c1c735467 in ?? ()
No symbol table info available.
#4  0x0000562c1c697e4a in PyEval_EvalFrameEx ()
No symbol table info available.
#5  0x0000562c1c695906 in PyEval_EvalCodeEx ()
No symbol table info available.
#6  0x0000562c1c69d6ee in PyEval_EvalFrameEx ()
No symbol table info available.
#7  0x0000562c1c695906 in PyEval_EvalCodeEx ()
No symbol table info available.
#8  0x0000562c1c69d6ee in PyEval_EvalFrameEx ()
No symbol table info available.
#9  0x0000562c1c695906 in PyEval_EvalCodeEx ()
No symbol table info available.
#10 0x00007fd512daeea4 in ?? ()
   from /usr/lib/python2.7/dist-packages/sage/interfaces/process.x86_64-linux-gnu.so
No symbol table info available.
#11 0x00007fd512db1cc2 in ?? ()
   from /usr/lib/python2.7/dist-packages/sage/interfaces/process.x86_64-linux-gnu.so
No symbol table info available.
#12 0x00007fd512dd0c73 in ?? ()
   from /usr/lib/python2.7/dist-packages/sage/interfaces/sagespawn.x86_64-linux-gnu.so
No symbol table info available.
#13 0x0000562c1c6cb014 in ?? ()
No symbol table info available.
#14 0x0000562c1c6cabc7 in ?? ()
No symbol table info available.
#15 0x0000562c1c6828cb in ?? ()
No symbol table info available.
#16 0x0000562c1c6796f3 in PyObject_Call ()
No symbol table info available.
#17 0x0000562c1c69d5a2 in PyEval_EvalFrameEx ()
No symbol table info available.
#18 0x0000562c1c695906 in PyEval_EvalCodeEx ()
No symbol table info available.
#19 0x0000562c1c6b2745 in ?? ()
No symbol table info available.
#20 0x0000562c1c6cb014 in ?? ()
No symbol table info available.
#21 0x0000562c1c6796f3 in PyObject_Call ()
No symbol table info available.
#22 0x0000562c1c69d5a2 in PyEval_EvalFrameEx ()
No symbol table info available.
#23 0x0000562c1c695906 in PyEval_EvalCodeEx ()
No symbol table info available.
#24 0x0000562c1c69dcfd in PyEval_EvalFrameEx ()
No symbol table info available.
#25 0x0000562c1c695906 in PyEval_EvalCodeEx ()
No symbol table info available.
#26 0x0000562c1c69d6ee in PyEval_EvalFrameEx ()
No symbol table info available.
#27 0x0000562c1c695906 in PyEval_EvalCodeEx ()
No symbol table info available.
#28 0x0000562c1c69dcfd in PyEval_EvalFrameEx ()
No symbol table info available.
#29 0x0000562c1c695906 in PyEval_EvalCodeEx ()
No symbol table info available.
#30 0x0000562c1c69d6ee in PyEval_EvalFrameEx ()
No symbol table info available.
#31 0x0000562c1c695906 in PyEval_EvalCodeEx ()
No symbol table info available.
#32 0x0000562c1c6b2917 in ?? ()
No symbol table info available.
#33 0x0000562c1c6cb014 in ?? ()
No symbol table info available.
#34 0x0000562c1c6cabc7 in ?? ()
No symbol table info available.
#35 0x0000562c1c6828cb in ?? ()
No symbol table info available.
#36 0x0000562c1c6796f3 in PyObject_Call ()
No symbol table info available.
#37 0x0000562c1c69d5a2 in PyEval_EvalFrameEx ()
No symbol table info available.
#38 0x0000562c1c695906 in PyEval_EvalCodeEx ()
No symbol table info available.
#39 0x0000562c1c6b2745 in ?? ()
No symbol table info available.
#40 0x0000562c1c6cb014 in ?? ()
No symbol table info available.
#41 0x0000562c1c6796f3 in PyObject_Call ()
No symbol table info available.
#42 0x0000562c1c72d6f7 in ?? ()
No symbol table info available.
#43 0x00007fd5da1b1ced in ?? ()
   from /usr/lib/python2.7/dist-packages/sage/structure/sage_object.x86_64-linux-gnu.so
No symbol table info available.
#44 0x00007fd5da1b1e1d in ?? ()
   from /usr/lib/python2.7/dist-packages/sage/structure/sage_object.x86_64-linux-gnu.so
No symbol table info available.
#45 0x00007fd5da1bc8b7 in ?? ()
   from /usr/lib/python2.7/dist-packages/sage/structure/sage_object.x86_64-linux-gnu.so
No symbol table info available.
#46 0x00007fd5da1b1dfd in ?? ()
   from /usr/lib/python2.7/dist-packages/sage/structure/sage_object.x86_64-linux-gnu.so
No symbol table info available.
#47 0x00007fd5da1c25ce in ?? ()
   from /usr/lib/python2.7/dist-packages/sage/structure/sage_object.x86_64-linux-gnu.so
No symbol table info available.
#48 0x0000562c1c697e4a in PyEval_EvalFrameEx ()
No symbol table info available.
#49 0x0000562c1c695906 in PyEval_EvalCodeEx ()
No symbol table info available.
#50 0x0000562c1c69dcfd in PyEval_EvalFrameEx ()
No symbol table info available.
#51 0x0000562c1c69d458 in PyEval_EvalFrameEx ()
No symbol table info available.
#52 0x0000562c1c695906 in PyEval_EvalCodeEx ()
No symbol table info available.
#53 0x0000562c1c69b793 in PyEval_EvalFrameEx ()
No symbol table info available.
#54 0x0000562c1c695906 in PyEval_EvalCodeEx ()
No symbol table info available.
#55 0x0000562c1c69d6ee in PyEval_EvalFrameEx ()
No symbol table info available.
#56 0x0000562c1c695906 in PyEval_EvalCodeEx ()
No symbol table info available.
#57 0x0000562c1c69d6ee in PyEval_EvalFrameEx ()
No symbol table info available.
#58 0x0000562c1c695906 in PyEval_EvalCodeEx ()
No symbol table info available.
#59 0x0000562c1c6b2917 in ?? ()
No symbol table info available.
#60 0x0000562c1c6796f3 in PyObject_Call ()
No symbol table info available.
#61 0x0000562c1c69a2b5 in PyEval_EvalFrameEx ()
No symbol table info available.
#62 0x0000562c1c695906 in PyEval_EvalCodeEx ()
No symbol table info available.
#63 0x0000562c1c69dcfd in PyEval_EvalFrameEx ()
No symbol table info available.
#64 0x0000562c1c695906 in PyEval_EvalCodeEx ()
No symbol table info available.
#65 0x0000562c1c69d6ee in PyEval_EvalFrameEx ()
No symbol table info available.
#66 0x0000562c1c695906 in PyEval_EvalCodeEx ()
No symbol table info available.
#67 0x0000562c1c69dcfd in PyEval_EvalFrameEx ()
No symbol table info available.
#68 0x0000562c1c695906 in PyEval_EvalCodeEx ()
No symbol table info available.
#69 0x0000562c1c69dcfd in PyEval_EvalFrameEx ()
No symbol table info available.
#70 0x0000562c1c695906 in PyEval_EvalCodeEx ()
No symbol table info available.
#71 0x0000562c1c6b2917 in ?? ()
No symbol table info available.
#72 0x0000562c1c6796f3 in PyObject_Call ()
No symbol table info available.
#73 0x0000562c1c69a2b5 in PyEval_EvalFrameEx ()
No symbol table info available.
#74 0x0000562c1c695906 in PyEval_EvalCodeEx ()
No symbol table info available.
#75 0x0000562c1c6b2917 in ?? ()
No symbol table info available.
#76 0x0000562c1c6796f3 in PyObject_Call ()
No symbol table info available.
#77 0x0000562c1c69a2b5 in PyEval_EvalFrameEx ()
No symbol table info available.
#78 0x0000562c1c695906 in PyEval_EvalCodeEx ()
No symbol table info available.
#79 0x0000562c1c69dcfd in PyEval_EvalFrameEx ()
No symbol table info available.
#80 0x0000562c1c695906 in PyEval_EvalCodeEx ()
No symbol table info available.
#81 0x0000562c1c69dcfd in PyEval_EvalFrameEx ()
No symbol table info available.
#82 0x0000562c1c695906 in PyEval_EvalCodeEx ()
No symbol table info available.
#83 0x0000562c1c6b2917 in ?? ()
No symbol table info available.
#84 0x0000562c1c6796f3 in PyObject_Call ()
No symbol table info available.
#85 0x0000562c1c69a2b5 in PyEval_EvalFrameEx ()
No symbol table info available.
#86 0x0000562c1c695906 in PyEval_EvalCodeEx ()
No symbol table info available.
#87 0x0000562c1c69dcfd in PyEval_EvalFrameEx ()
No symbol table info available.
#88 0x0000562c1c695906 in PyEval_EvalCodeEx ()
No symbol table info available.
#89 0x0000562c1c69dcfd in PyEval_EvalFrameEx ()
No symbol table info available.
#90 0x0000562c1c695906 in PyEval_EvalCodeEx ()
No symbol table info available.
#91 0x0000562c1c69dcfd in PyEval_EvalFrameEx ()
No symbol table info available.
#92 0x0000562c1c695906 in PyEval_EvalCodeEx ()
No symbol table info available.
#93 0x0000562c1c69d6ee in PyEval_EvalFrameEx ()
No symbol table info available.
#94 0x0000562c1c695906 in PyEval_EvalCodeEx ()
No symbol table info available.
#95 0x0000562c1c69b793 in PyEval_EvalFrameEx ()
No symbol table info available.
#96 0x0000562c1c695906 in PyEval_EvalCodeEx ()
No symbol table info available.
#97 0x0000562c1c69d6ee in PyEval_EvalFrameEx ()
No symbol table info available.
#98 0x0000562c1c695906 in PyEval_EvalCodeEx ()
No symbol table info available.
#99 0x0000562c1c6b2745 in ?? ()
No symbol table info available.
#100 0x0000562c1c6796f3 in PyObject_Call ()
No symbol table info available.
#101 0x0000562c1c6fb270 in ?? ()
No symbol table info available.
#102 0x0000562c1c662ea2 in Py_Main ()
No symbol table info available.
#103 0x00007fd5dc60e09b in __libc_start_main (main=0x562c1c662a90 <main>, 
    argc=5, argv=0x7fff77514ec8, init=<optimized out>, fini=<optimized out>, 
    rtld_fini=<optimized out>, stack_end=0x7fff77514eb8)
    at ../csu/libc-start.c:308
        self = <optimized out>
        result = <optimized out>
        unwind_buf = {cancel_jmp_buf = {{jmp_buf = {0, -7842313351688298850, 
                94747455007136, 140735195205312, 0, 0, -4572182934969065826, 
                -4550604045771415906}, mask_was_saved = 0}}, priv = {pad = {
              0x0, 0x0, 0x7fff77514ef8, 0x7fd5dcbd3190}, data = {prev = 0x0, 
              cleanup = 0x0, canceltype = 2001817336}}}
        not_first_call = <optimized out>
#104 0x0000562c1c6629ca in _start ()
No symbol table info available.


Cython backtrace
----------------
#0  0x00007fd5dcb6686e in futex_abstimed_wait_cancelable () at /build/glibc-vjB4T1/glibc-2.28/nptl/../sysdeps/unix/sysv/linux/futex-internal.h:205
#1  0x00007fd5dcb66860 in do_futex_wait () at /build/glibc-vjB4T1/glibc-2.28/nptl/sem_waitcommon.c:111
#2  0x00007fd5dcb668f0 in __new_sem_wait_slow () at /build/glibc-vjB4T1/glibc-2.28/nptl/sem_waitcommon.c:181
#3  0x0000000000000000 in ?? ()
#4  0x0000562c1c6978d0 in PyEval_EvalFrameEx ()
#5  0x0000562c1c6952a0 in PyEval_EvalCodeEx ()
#6  0x0000562c1c6978d0 in PyEval_EvalFrameEx ()
#7  0x0000562c1c6952a0 in PyEval_EvalCodeEx ()
#8  0x0000562c1c6978d0 in PyEval_EvalFrameEx ()
#9  0x0000562c1c6952a0 in PyEval_EvalCodeEx ()
#10 0x0000000000000000 in ?? ()
#11 0x0000000000000000 in ?? ()
#12 0x0000000000000000 in ?? ()
#13 0x0000000000000000 in ?? ()
#14 0x0000000000000000 in ?? ()
#15 0x0000000000000000 in ?? ()
#16 0x0000562c1c6796b0 in PyObject_Call ()
#17 0x0000562c1c6978d0 in PyEval_EvalFrameEx ()
#18 0x0000562c1c6952a0 in PyEval_EvalCodeEx ()
#19 0x0000000000000000 in ?? ()
#20 0x0000000000000000 in ?? ()
#21 0x0000562c1c6796b0 in PyObject_Call ()
#22 0x0000562c1c6978d0 in PyEval_EvalFrameEx ()
#23 0x0000562c1c6952a0 in PyEval_EvalCodeEx ()
#24 0x0000562c1c6978d0 in PyEval_EvalFrameEx ()
#25 0x0000562c1c6952a0 in PyEval_EvalCodeEx ()
#26 0x0000562c1c6978d0 in PyEval_EvalFrameEx ()
#27 0x0000562c1c6952a0 in PyEval_EvalCodeEx ()
#28 0x0000562c1c6978d0 in PyEval_EvalFrameEx ()
#29 0x0000562c1c6952a0 in PyEval_EvalCodeEx ()
#30 0x0000562c1c6978d0 in PyEval_EvalFrameEx ()
#31 0x0000562c1c6952a0 in PyEval_EvalCodeEx ()
#32 0x0000000000000000 in ?? ()
#33 0x0000000000000000 in ?? ()
#34 0x0000000000000000 in ?? ()
#35 0x0000000000000000 in ?? ()
#36 0x0000562c1c6796b0 in PyObject_Call ()
#37 0x0000562c1c6978d0 in PyEval_EvalFrameEx ()
#38 0x0000562c1c6952a0 in PyEval_EvalCodeEx ()
#39 0x0000000000000000 in ?? ()
#40 0x0000000000000000 in ?? ()
#41 0x0000562c1c6796b0 in PyObject_Call ()
#42 0x0000000000000000 in ?? ()
#43 0x0000000000000000 in ?? ()
#44 0x0000000000000000 in ?? ()
#45 0x0000000000000000 in ?? ()
#46 0x0000000000000000 in ?? ()
#47 0x0000000000000000 in ?? ()
#48 0x0000562c1c6978d0 in PyEval_EvalFrameEx ()
#49 0x0000562c1c6952a0 in PyEval_EvalCodeEx ()
#50 0x0000562c1c6978d0 in PyEval_EvalFrameEx ()
#51 0x0000562c1c6978d0 in PyEval_EvalFrameEx ()
#52 0x0000562c1c6952a0 in PyEval_EvalCodeEx ()
#53 0x0000562c1c6978d0 in PyEval_EvalFrameEx ()
#54 0x0000562c1c6952a0 in PyEval_EvalCodeEx ()
#55 0x0000562c1c6978d0 in PyEval_EvalFrameEx ()
#56 0x0000562c1c6952a0 in PyEval_EvalCodeEx ()
#57 0x0000562c1c6978d0 in PyEval_EvalFrameEx ()
#58 0x0000562c1c6952a0 in PyEval_EvalCodeEx ()
#59 0x0000000000000000 in ?? ()
#60 0x0000562c1c6796b0 in PyObject_Call ()
#61 0x0000562c1c6978d0 in PyEval_EvalFrameEx ()
#62 0x0000562c1c6952a0 in PyEval_EvalCodeEx ()
#63 0x0000562c1c6978d0 in PyEval_EvalFrameEx ()
#64 0x0000562c1c6952a0 in PyEval_EvalCodeEx ()
#65 0x0000562c1c6978d0 in PyEval_EvalFrameEx ()
#66 0x0000562c1c6952a0 in PyEval_EvalCodeEx ()
#67 0x0000562c1c6978d0 in PyEval_EvalFrameEx ()
#68 0x0000562c1c6952a0 in PyEval_EvalCodeEx ()
#69 0x0000562c1c6978d0 in PyEval_EvalFrameEx ()
#70 0x0000562c1c6952a0 in PyEval_EvalCodeEx ()
#71 0x0000000000000000 in ?? ()
#72 0x0000562c1c6796b0 in PyObject_Call ()
#73 0x0000562c1c6978d0 in PyEval_EvalFrameEx ()
#74 0x0000562c1c6952a0 in PyEval_EvalCodeEx ()
#75 0x0000000000000000 in ?? ()
#76 0x0000562c1c6796b0 in PyObject_Call ()
#77 0x0000562c1c6978d0 in PyEval_EvalFrameEx ()
#78 0x0000562c1c6952a0 in PyEval_EvalCodeEx ()
#79 0x0000562c1c6978d0 in PyEval_EvalFrameEx ()
#80 0x0000562c1c6952a0 in PyEval_EvalCodeEx ()
#81 0x0000562c1c6978d0 in PyEval_EvalFrameEx ()
#82 0x0000562c1c6952a0 in PyEval_EvalCodeEx ()
#83 0x0000000000000000 in ?? ()
#84 0x0000562c1c6796b0 in PyObject_Call ()
#85 0x0000562c1c6978d0 in PyEval_EvalFrameEx ()
#86 0x0000562c1c6952a0 in PyEval_EvalCodeEx ()
#87 0x0000562c1c6978d0 in PyEval_EvalFrameEx ()
#88 0x0000562c1c6952a0 in PyEval_EvalCodeEx ()
#89 0x0000562c1c6978d0 in PyEval_EvalFrameEx ()
#90 0x0000562c1c6952a0 in PyEval_EvalCodeEx ()
#91 0x0000562c1c6978d0 in PyEval_EvalFrameEx ()
#92 0x0000562c1c6952a0 in PyEval_EvalCodeEx ()
#93 0x0000562c1c6978d0 in PyEval_EvalFrameEx ()
#94 0x0000562c1c6952a0 in PyEval_EvalCodeEx ()
#95 0x0000562c1c6978d0 in PyEval_EvalFrameEx ()
#96 0x0000562c1c6952a0 in PyEval_EvalCodeEx ()
#97 0x0000562c1c6978d0 in PyEval_EvalFrameEx ()
#98 0x0000562c1c6952a0 in PyEval_EvalCodeEx ()
#99 0x0000000000000000 in ?? ()
#100 0x0000562c1c6796b0 in PyObject_Call ()
#101 0x0000000000000000 in ?? ()
#102 0x0000562c1c662aa0 in Py_Main ()
#103 0x00007fd5dc60dfb0 in __libc_start_main () at /build/glibc-vjB4T1/glibc-2.28/csu/../csu/libc-start.c:308
#104 0x0000562c1c6629a0 in _start ()

[Inferior 1 (process 11446) detached]
205	../sysdeps/unix/sysv/linux/futex-internal.h: No such file or directory.
