GNU gdb (Debian 8.2.1-2+b1) 8.2.1
Copyright (C) 2018 Free Software Foundation, Inc.
License GPLv3+: GNU GPL version 3 or later <http://gnu.org/licenses/gpl.html>
This is free software: you are free to change and redistribute it.
There is NO WARRANTY, to the extent permitted by law.
Type "show copying" and "show warranty" for details.
This GDB was configured as "x86_64-linux-gnu".
Type "show configuration" for configuration details.
For bug reporting instructions, please see:
<http://www.gnu.org/software/gdb/bugs/>.
Find the GDB manual and other documentation resources online at:
    <http://www.gnu.org/software/gdb/documentation/>.

For help, type "help".
Type "apropos word" to search for commands related to "word".
[New LWP 9663]
[New LWP 9664]
[New LWP 9665]
[New LWP 9666]
[New LWP 9667]
[New LWP 9668]
[New LWP 9669]
[New LWP 9673]
[Thread debugging using libthread_db enabled]
Using host libthread_db library "/lib/x86_64-linux-gnu/libthread_db.so.1".
futex_abstimed_wait_cancelable (private=0, abstime=0x0, expected=0, 
    futex_word=0x55cc2211a630)
    at ../sysdeps/unix/sysv/linux/futex-internal.h:205

Stack backtrace
---------------
    futex_word=0x55cc2211a630)
    at ../sysdeps/unix/sysv/linux/futex-internal.h:205
        __ret = -512
        oldtype = 0
        err = <optimized out>
        oldtype = <optimized out>
        err = <optimized out>
        __ret = <optimized out>
        resultvar = <optimized out>
        __arg6 = <optimized out>
        __arg5 = <optimized out>
        __arg4 = <optimized out>
        __arg3 = <optimized out>
        __arg2 = <optimized out>
        __arg1 = <optimized out>
        _a6 = <optimized out>
        _a5 = <optimized out>
        _a4 = <optimized out>
        _a3 = <optimized out>
        _a2 = <optimized out>
        _a1 = <optimized out>
#1  do_futex_wait (sem=sem@entry=0x55cc2211a630, abstime=0x0)
    at sem_waitcommon.c:111
        err = <optimized out>
#2  0x00007f696d12c988 in __new_sem_wait_slow (sem=0x55cc2211a630, abstime=0x0)
    at sem_waitcommon.c:181
        _buffer = {__routine = 0x7f696d12c850 <__sem_wait_cleanup>, 
          __arg = 0x55cc2211a630, __canceltype = -1, __prev = 0x0}
        err = <optimized out>
        d = 0
#3  0x000055cc21438983 in ?? ()
No symbol table info available.
#4  0x000055cc21392e4a in PyEval_EvalFrameEx ()
No symbol table info available.
#5  0x000055cc21390906 in PyEval_EvalCodeEx ()
No symbol table info available.
#6  0x000055cc213986ee in PyEval_EvalFrameEx ()
No symbol table info available.
#7  0x000055cc21390906 in PyEval_EvalCodeEx ()
No symbol table info available.
#8  0x000055cc213986ee in PyEval_EvalFrameEx ()
No symbol table info available.
#9  0x000055cc21390906 in PyEval_EvalCodeEx ()
No symbol table info available.
#10 0x00007f69582b3ea4 in ?? ()
   from /usr/lib/python2.7/dist-packages/sage/interfaces/process.x86_64-linux-gnu.so
No symbol table info available.
#11 0x00007f69582b6cc2 in ?? ()
   from /usr/lib/python2.7/dist-packages/sage/interfaces/process.x86_64-linux-gnu.so
No symbol table info available.
#12 0x00007f69582d5c73 in ?? ()
   from /usr/lib/python2.7/dist-packages/sage/interfaces/sagespawn.x86_64-linux-gnu.so
No symbol table info available.
#13 0x000055cc213c6014 in ?? ()
No symbol table info available.
#14 0x000055cc213c5bc7 in ?? ()
No symbol table info available.
#15 0x000055cc2137d8cb in ?? ()
No symbol table info available.
#16 0x000055cc213746f3 in PyObject_Call ()
No symbol table info available.
#17 0x000055cc213985a2 in PyEval_EvalFrameEx ()
No symbol table info available.
#18 0x000055cc21390906 in PyEval_EvalCodeEx ()
No symbol table info available.
#19 0x000055cc213ad745 in ?? ()
No symbol table info available.
#20 0x000055cc213c6014 in ?? ()
No symbol table info available.
#21 0x000055cc213746f3 in PyObject_Call ()
No symbol table info available.
#22 0x000055cc213985a2 in PyEval_EvalFrameEx ()
No symbol table info available.
#23 0x000055cc21390906 in PyEval_EvalCodeEx ()
No symbol table info available.
#24 0x000055cc21398cfd in PyEval_EvalFrameEx ()
No symbol table info available.
#25 0x000055cc21390906 in PyEval_EvalCodeEx ()
No symbol table info available.
#26 0x000055cc213986ee in PyEval_EvalFrameEx ()
No symbol table info available.
#27 0x000055cc21390906 in PyEval_EvalCodeEx ()
No symbol table info available.
#28 0x000055cc21398cfd in PyEval_EvalFrameEx ()
No symbol table info available.
#29 0x000055cc21390906 in PyEval_EvalCodeEx ()
No symbol table info available.
#30 0x000055cc213986ee in PyEval_EvalFrameEx ()
No symbol table info available.
#31 0x000055cc21390906 in PyEval_EvalCodeEx ()
No symbol table info available.
#32 0x000055cc213ad917 in ?? ()
No symbol table info available.
#33 0x000055cc213c6014 in ?? ()
No symbol table info available.
#34 0x000055cc213c5bc7 in ?? ()
No symbol table info available.
#35 0x000055cc2137d8cb in ?? ()
No symbol table info available.
#36 0x000055cc213746f3 in PyObject_Call ()
No symbol table info available.
#37 0x000055cc213985a2 in PyEval_EvalFrameEx ()
No symbol table info available.
#38 0x000055cc21390906 in PyEval_EvalCodeEx ()
No symbol table info available.
#39 0x000055cc213ad745 in ?? ()
No symbol table info available.
#40 0x000055cc213c6014 in ?? ()
No symbol table info available.
#41 0x000055cc213746f3 in PyObject_Call ()
No symbol table info available.
#42 0x000055cc214286f7 in ?? ()
No symbol table info available.
#43 0x00007f696a777ced in ?? ()
   from /usr/lib/python2.7/dist-packages/sage/structure/sage_object.x86_64-linux-gnu.so
No symbol table info available.
#44 0x00007f696a777e1d in ?? ()
   from /usr/lib/python2.7/dist-packages/sage/structure/sage_object.x86_64-linux-gnu.so
No symbol table info available.
#45 0x00007f696a7828b7 in ?? ()
   from /usr/lib/python2.7/dist-packages/sage/structure/sage_object.x86_64-linux-gnu.so
No symbol table info available.
#46 0x00007f696a777dfd in ?? ()
   from /usr/lib/python2.7/dist-packages/sage/structure/sage_object.x86_64-linux-gnu.so
No symbol table info available.
#47 0x00007f696a7885ce in ?? ()
   from /usr/lib/python2.7/dist-packages/sage/structure/sage_object.x86_64-linux-gnu.so
No symbol table info available.
#48 0x000055cc21392e4a in PyEval_EvalFrameEx ()
No symbol table info available.
#49 0x000055cc21390906 in PyEval_EvalCodeEx ()
No symbol table info available.
#50 0x000055cc213ad745 in ?? ()
No symbol table info available.
#51 0x000055cc213c6014 in ?? ()
No symbol table info available.
#52 0x000055cc213746f3 in PyObject_Call ()
No symbol table info available.
#53 0x000055cc213985a2 in PyEval_EvalFrameEx ()
No symbol table info available.
#54 0x000055cc21390906 in PyEval_EvalCodeEx ()
No symbol table info available.
#55 0x000055cc213ad745 in ?? ()
No symbol table info available.
#56 0x000055cc213c6014 in ?? ()
No symbol table info available.
#57 0x000055cc213c5a3d in ?? ()
No symbol table info available.
#58 0x000055cc2137d8cb in ?? ()
No symbol table info available.
#59 0x000055cc213746f3 in PyObject_Call ()
No symbol table info available.
#60 0x000055cc213985a2 in PyEval_EvalFrameEx ()
No symbol table info available.
#61 0x000055cc21390906 in PyEval_EvalCodeEx ()
No symbol table info available.
#62 0x000055cc21398cfd in PyEval_EvalFrameEx ()
No symbol table info available.
#63 0x000055cc21398458 in PyEval_EvalFrameEx ()
No symbol table info available.
#64 0x000055cc21390906 in PyEval_EvalCodeEx ()
No symbol table info available.
#65 0x000055cc21396793 in PyEval_EvalFrameEx ()
No symbol table info available.
#66 0x000055cc21390906 in PyEval_EvalCodeEx ()
No symbol table info available.
#67 0x000055cc213986ee in PyEval_EvalFrameEx ()
No symbol table info available.
#68 0x000055cc21390906 in PyEval_EvalCodeEx ()
No symbol table info available.
#69 0x000055cc213986ee in PyEval_EvalFrameEx ()
No symbol table info available.
#70 0x000055cc21390906 in PyEval_EvalCodeEx ()
No symbol table info available.
#71 0x000055cc213ad917 in ?? ()
No symbol table info available.
#72 0x000055cc213746f3 in PyObject_Call ()
No symbol table info available.
#73 0x000055cc213952b5 in PyEval_EvalFrameEx ()
No symbol table info available.
#74 0x000055cc21390906 in PyEval_EvalCodeEx ()
No symbol table info available.
#75 0x000055cc21398cfd in PyEval_EvalFrameEx ()
No symbol table info available.
#76 0x000055cc21390906 in PyEval_EvalCodeEx ()
No symbol table info available.
#77 0x000055cc213986ee in PyEval_EvalFrameEx ()
No symbol table info available.
#78 0x000055cc21390906 in PyEval_EvalCodeEx ()
No symbol table info available.
#79 0x000055cc21398cfd in PyEval_EvalFrameEx ()
No symbol table info available.
#80 0x000055cc21390906 in PyEval_EvalCodeEx ()
No symbol table info available.
#81 0x000055cc21398cfd in PyEval_EvalFrameEx ()
No symbol table info available.
#82 0x000055cc21390906 in PyEval_EvalCodeEx ()
No symbol table info available.
#83 0x000055cc213ad917 in ?? ()
No symbol table info available.
#84 0x000055cc213746f3 in PyObject_Call ()
No symbol table info available.
#85 0x000055cc213952b5 in PyEval_EvalFrameEx ()
No symbol table info available.
#86 0x000055cc21390906 in PyEval_EvalCodeEx ()
No symbol table info available.
#87 0x000055cc213ad917 in ?? ()
No symbol table info available.
#88 0x000055cc213746f3 in PyObject_Call ()
No symbol table info available.
#89 0x000055cc213952b5 in PyEval_EvalFrameEx ()
No symbol table info available.
#90 0x000055cc21390906 in PyEval_EvalCodeEx ()
No symbol table info available.
#91 0x000055cc21398cfd in PyEval_EvalFrameEx ()
No symbol table info available.
#92 0x000055cc21390906 in PyEval_EvalCodeEx ()
No symbol table info available.
#93 0x000055cc21398cfd in PyEval_EvalFrameEx ()
No symbol table info available.
#94 0x000055cc21390906 in PyEval_EvalCodeEx ()
No symbol table info available.
#95 0x000055cc213ad917 in ?? ()
No symbol table info available.
#96 0x000055cc213746f3 in PyObject_Call ()
No symbol table info available.
#97 0x000055cc213952b5 in PyEval_EvalFrameEx ()
No symbol table info available.
#98 0x000055cc21390906 in PyEval_EvalCodeEx ()
No symbol table info available.
#99 0x000055cc21398cfd in PyEval_EvalFrameEx ()
No symbol table info available.
#100 0x000055cc21390906 in PyEval_EvalCodeEx ()
No symbol table info available.
#101 0x000055cc21398cfd in PyEval_EvalFrameEx ()
No symbol table info available.
#102 0x000055cc21390906 in PyEval_EvalCodeEx ()
No symbol table info available.
#103 0x000055cc21398cfd in PyEval_EvalFrameEx ()
No symbol table info available.
#104 0x000055cc21390906 in PyEval_EvalCodeEx ()
No symbol table info available.
#105 0x000055cc213986ee in PyEval_EvalFrameEx ()
No symbol table info available.
#106 0x000055cc21390906 in PyEval_EvalCodeEx ()
No symbol table info available.
#107 0x000055cc21396793 in PyEval_EvalFrameEx ()
No symbol table info available.
#108 0x000055cc21390906 in PyEval_EvalCodeEx ()
No symbol table info available.
#109 0x000055cc213986ee in PyEval_EvalFrameEx ()
No symbol table info available.
#110 0x000055cc21390906 in PyEval_EvalCodeEx ()
No symbol table info available.
#111 0x000055cc213ad745 in ?? ()
No symbol table info available.
#112 0x000055cc213746f3 in PyObject_Call ()
No symbol table info available.
#113 0x000055cc213f6270 in ?? ()
No symbol table info available.
#114 0x000055cc2135dea2 in Py_Main ()
No symbol table info available.
#115 0x00007f696cbd409b in __libc_start_main (main=0x55cc2135da90 <main>, 
    argc=5, argv=0x7ffe31b9c798, init=<optimized out>, fini=<optimized out>, 
    rtld_fini=<optimized out>, stack_end=0x7ffe31b9c788)
    at ../csu/libc-start.c:308
        self = <optimized out>
        result = <optimized out>
        unwind_buf = {cancel_jmp_buf = {{jmp_buf = {0, 9069432711110584502, 
                94335218866592, 140729732679568, 0, 0, 3006497033905105078, 
                2924950615677986998}, mask_was_saved = 0}}, priv = {pad = {
              0x0, 0x0, 0x7ffe31b9c7c8, 0x7f696d199190}, data = {prev = 0x0, 
              cleanup = 0x0, canceltype = 834258888}}}
        not_first_call = <optimized out>
#116 0x000055cc2135d9ca in _start ()
No symbol table info available.


Cython backtrace
----------------
#0  0x00007f696d12c86e in futex_abstimed_wait_cancelable () at /build/glibc-vjB4T1/glibc-2.28/nptl/../sysdeps/unix/sysv/linux/futex-internal.h:205
#1  0x00007f696d12c860 in do_futex_wait () at /build/glibc-vjB4T1/glibc-2.28/nptl/sem_waitcommon.c:111
#2  0x00007f696d12c8f0 in __new_sem_wait_slow () at /build/glibc-vjB4T1/glibc-2.28/nptl/sem_waitcommon.c:181
#3  0x0000000000000000 in ?? ()
#4  0x000055cc213928d0 in PyEval_EvalFrameEx ()
#5  0x000055cc213902a0 in PyEval_EvalCodeEx ()
#6  0x000055cc213928d0 in PyEval_EvalFrameEx ()
#7  0x000055cc213902a0 in PyEval_EvalCodeEx ()
#8  0x000055cc213928d0 in PyEval_EvalFrameEx ()
#9  0x000055cc213902a0 in PyEval_EvalCodeEx ()
#10 0x0000000000000000 in ?? ()
#11 0x0000000000000000 in ?? ()
#12 0x0000000000000000 in ?? ()
#13 0x0000000000000000 in ?? ()
#14 0x0000000000000000 in ?? ()
#15 0x0000000000000000 in ?? ()
#16 0x000055cc213746b0 in PyObject_Call ()
#17 0x000055cc213928d0 in PyEval_EvalFrameEx ()
#18 0x000055cc213902a0 in PyEval_EvalCodeEx ()
#19 0x0000000000000000 in ?? ()
#20 0x0000000000000000 in ?? ()
#21 0x000055cc213746b0 in PyObject_Call ()
#22 0x000055cc213928d0 in PyEval_EvalFrameEx ()
#23 0x000055cc213902a0 in PyEval_EvalCodeEx ()
#24 0x000055cc213928d0 in PyEval_EvalFrameEx ()
#25 0x000055cc213902a0 in PyEval_EvalCodeEx ()
#26 0x000055cc213928d0 in PyEval_EvalFrameEx ()
#27 0x000055cc213902a0 in PyEval_EvalCodeEx ()
#28 0x000055cc213928d0 in PyEval_EvalFrameEx ()
#29 0x000055cc213902a0 in PyEval_EvalCodeEx ()
#30 0x000055cc213928d0 in PyEval_EvalFrameEx ()
#31 0x000055cc213902a0 in PyEval_EvalCodeEx ()
#32 0x0000000000000000 in ?? ()
#33 0x0000000000000000 in ?? ()
#34 0x0000000000000000 in ?? ()
#35 0x0000000000000000 in ?? ()
#36 0x000055cc213746b0 in PyObject_Call ()
#37 0x000055cc213928d0 in PyEval_EvalFrameEx ()
#38 0x000055cc213902a0 in PyEval_EvalCodeEx ()
#39 0x0000000000000000 in ?? ()
#40 0x0000000000000000 in ?? ()
#41 0x000055cc213746b0 in PyObject_Call ()
#42 0x0000000000000000 in ?? ()
#43 0x0000000000000000 in ?? ()
#44 0x0000000000000000 in ?? ()
#45 0x0000000000000000 in ?? ()
#46 0x0000000000000000 in ?? ()
#47 0x0000000000000000 in ?? ()
#48 0x000055cc213928d0 in PyEval_EvalFrameEx ()
#49 0x000055cc213902a0 in PyEval_EvalCodeEx ()
#50 0x0000000000000000 in ?? ()
#51 0x0000000000000000 in ?? ()
#52 0x000055cc213746b0 in PyObject_Call ()
#53 0x000055cc213928d0 in PyEval_EvalFrameEx ()
#54 0x000055cc213902a0 in PyEval_EvalCodeEx ()
#55 0x0000000000000000 in ?? ()
#56 0x0000000000000000 in ?? ()
#57 0x0000000000000000 in ?? ()
#58 0x0000000000000000 in ?? ()
#59 0x000055cc213746b0 in PyObject_Call ()
#60 0x000055cc213928d0 in PyEval_EvalFrameEx ()
#61 0x000055cc213902a0 in PyEval_EvalCodeEx ()
#62 0x000055cc213928d0 in PyEval_EvalFrameEx ()
#63 0x000055cc213928d0 in PyEval_EvalFrameEx ()
#64 0x000055cc213902a0 in PyEval_EvalCodeEx ()
#65 0x000055cc213928d0 in PyEval_EvalFrameEx ()
#66 0x000055cc213902a0 in PyEval_EvalCodeEx ()
#67 0x000055cc213928d0 in PyEval_EvalFrameEx ()
#68 0x000055cc213902a0 in PyEval_EvalCodeEx ()
#69 0x000055cc213928d0 in PyEval_EvalFrameEx ()
#70 0x000055cc213902a0 in PyEval_EvalCodeEx ()
#71 0x0000000000000000 in ?? ()
#72 0x000055cc213746b0 in PyObject_Call ()
#73 0x000055cc213928d0 in PyEval_EvalFrameEx ()
#74 0x000055cc213902a0 in PyEval_EvalCodeEx ()
#75 0x000055cc213928d0 in PyEval_EvalFrameEx ()
#76 0x000055cc213902a0 in PyEval_EvalCodeEx ()
#77 0x000055cc213928d0 in PyEval_EvalFrameEx ()
#78 0x000055cc213902a0 in PyEval_EvalCodeEx ()
#79 0x000055cc213928d0 in PyEval_EvalFrameEx ()
#80 0x000055cc213902a0 in PyEval_EvalCodeEx ()
#81 0x000055cc213928d0 in PyEval_EvalFrameEx ()
#82 0x000055cc213902a0 in PyEval_EvalCodeEx ()
#83 0x0000000000000000 in ?? ()
#84 0x000055cc213746b0 in PyObject_Call ()
#85 0x000055cc213928d0 in PyEval_EvalFrameEx ()
#86 0x000055cc213902a0 in PyEval_EvalCodeEx ()
#87 0x0000000000000000 in ?? ()
#88 0x000055cc213746b0 in PyObject_Call ()
#89 0x000055cc213928d0 in PyEval_EvalFrameEx ()
#90 0x000055cc213902a0 in PyEval_EvalCodeEx ()
#91 0x000055cc213928d0 in PyEval_EvalFrameEx ()
#92 0x000055cc213902a0 in PyEval_EvalCodeEx ()
#93 0x000055cc213928d0 in PyEval_EvalFrameEx ()
#94 0x000055cc213902a0 in PyEval_EvalCodeEx ()
#95 0x0000000000000000 in ?? ()
#96 0x000055cc213746b0 in PyObject_Call ()
#97 0x000055cc213928d0 in PyEval_EvalFrameEx ()
#98 0x000055cc213902a0 in PyEval_EvalCodeEx ()
#99 0x000055cc213928d0 in PyEval_EvalFrameEx ()
#100 0x000055cc213902a0 in PyEval_EvalCodeEx ()
#101 0x000055cc213928d0 in PyEval_EvalFrameEx ()
#102 0x000055cc213902a0 in PyEval_EvalCodeEx ()
#103 0x000055cc213928d0 in PyEval_EvalFrameEx ()
#104 0x000055cc213902a0 in PyEval_EvalCodeEx ()
#105 0x000055cc213928d0 in PyEval_EvalFrameEx ()
#106 0x000055cc213902a0 in PyEval_EvalCodeEx ()
#107 0x000055cc213928d0 in PyEval_EvalFrameEx ()
#108 0x000055cc213902a0 in PyEval_EvalCodeEx ()
#109 0x000055cc213928d0 in PyEval_EvalFrameEx ()
#110 0x000055cc213902a0 in PyEval_EvalCodeEx ()
#111 0x0000000000000000 in ?? ()
#112 0x000055cc213746b0 in PyObject_Call ()
#113 0x0000000000000000 in ?? ()
#114 0x000055cc2135daa0 in Py_Main ()
#115 0x00007f696cbd3fb0 in __libc_start_main () at /build/glibc-vjB4T1/glibc-2.28/csu/../csu/libc-start.c:308
#116 0x000055cc2135d9a0 in _start ()

[Inferior 1 (process 9651) detached]
205	../sysdeps/unix/sysv/linux/futex-internal.h: No such file or directory.
